<?xml version="1.0" encoding="UTF-8" ?>
<testsuite errors="0" failures="0" hostname="BDC4A-D-CXC3RG2" name="TestMessage2" skipped="0" tests="1" time="8.379" timestamp="2018-01-05T09:52:29">
  <properties>
    <property name="java.vendor" value="Oracle Corporation" />
    <property name="sun.java.launcher" value="SUN_STANDARD" />
    <property name="ear.deployed.name" value="PortalAdapterWSEAR" />
    <property name="sun.management.compiler" value="HotSpot 64-Bit Tiered Compilers" />
    <property name="os.name" value="Windows 7" />
    <property name="sun.boot.class.path" value="C:\PROGRA~1\Java\JDK18~1.0_1\jre\lib\resources.jar;C:\PROGRA~1\Java\JDK18~1.0_1\jre\lib\rt.jar;C:\PROGRA~1\Java\JDK18~1.0_1\jre\lib\sunrsasign.jar;C:\PROGRA~1\Java\JDK18~1.0_1\jre\lib\jsse.jar;C:\PROGRA~1\Java\JDK18~1.0_1\jre\lib\jce.jar;C:\PROGRA~1\Java\JDK18~1.0_1\jre\lib\charsets.jar;C:\PROGRA~1\Java\JDK18~1.0_1\jre\lib\jfr.jar;C:\PROGRA~1\Java\JDK18~1.0_1\jre\classes" />
    <property name="sun.desktop" value="windows" />
    <property name="java.vm.specification.vendor" value="Oracle Corporation" />
    <property name="ant.home" value="C:\Oracle\MIDDLE~3\oracle_common\modules\org.apache.ant_1.9.2" />
    <property name="example-output" value="output" />
    <property name="java.runtime.version" value="1.8.0_131-b11" />
    <property name="base.dir.weblogic" value="C:/Oracle/Middleware" />
    <property name="user.name" value="n.saurav" />
    <property name="user.language" value="en" />
    <property name="sun.boot.library.path" value="C:\PROGRA~1\Java\JDK18~1.0_1\jre\bin" />
    <property name="wls.password" value="weblogic" />
    <property name="ant.project.default-target" value="all" />
    <property name="wls.server.name" value="Server_Retail" />
    <property name="java.version" value="1.8.0_131" />
    <property name="user.timezone" value="" />
    <property name="sun.arch.data.model" value="64" />
    <property name="java.endorsed.dirs" value="C:\PROGRA~1\Java\JDK18~1.0_1\jre\lib\endorsed" />
    <property name="sun.cpu.isalist" value="amd64" />
    <property name="sun.jnu.encoding" value="Cp1252" />
    <property name="file.encoding.pkg" value="sun.io" />
    <property name="file.separator" value="\" />
    <property name="java.specification.name" value="Java Platform API Specification" />
    <property name="java.class.version" value="52.0" />
    <property name="user.country" value="US" />
    <property name="java.home" value="C:\PROGRA~1\Java\JDK18~1.0_1\jre" />
    <property name="java.vm.info" value="mixed mode" />
    <property name="ant.file" value="C:\Users\n.saurav\repo\JunitTest\build.xml" />
    <property name="os.version" value="6.1" />
    <property name="wls.username" value="weblogic" />
    <property name="path.separator" value=";" />
    <property name="java.vm.version" value="25.131-b11" />
    <property name="report.dir" value="test_reports" />
    <property name="user.variant" value="" />
    <property name="ant.library.dir" value="C:\Oracle\Middleware_new\oracle_common\modules\org.apache.ant_1.9.2\lib" />
    <property name="java.awt.printerjob" value="sun.awt.windows.WPrinterJob" />
    <property name="sun.io.unicode.encoding" value="UnicodeLittle" />
    <property name="awt.toolkit" value="sun.awt.windows.WToolkit" />
    <property name="sun.stdout.encoding" value="cp437" />
    <property name="user.script" value="" />
    <property name="user.home" value="C:\Users\n.saurav" />
    <property name="java.specification.vendor" value="Oracle Corporation" />
    <property name="test.dir" value="test/src" />
    <property name="java.library.path" value="C:\PROGRA~1\Java\JDK18~1.0_1\jre\bin;C:\windows\Sun\Java\bin;C:\windows\system32;C:\windows;C:\Oracle\MIDDLE~3\USER_P~1\domains\BASE_D~1\bin;;C:\Oracle\MIDDLE~3\wlserver\server\native\win\x64;C:\Oracle\MIDDLE~3\wlserver\server\bin;C:\Oracle\MIDDLE~3\oracle_common\modules\org.apache.ant_1.9.2\bin;C:\PROGRA~1\Java\JDK18~1.0_1\jre\bin;C:\PROGRA~1\Java\JDK18~1.0_1\bin;C:\Oracle\MIDDLE~3\wlserver\server\native\win\x64\oci920_8;C:\PROGRA~3\Oracle\Java\javapath;C:\PROGRA~1\Java\JDK18~1.0_1\bin;C:\Windows\System32;C:\Windows;C:\Windows\System32\wbem;C:\Windows\System32\WINDOW~1\v1.0\;C:\Windows\System32\WINDOW~1\v1.0\;C:\PROGRA~1\Maven\bin;C:\PROGRA~1\APACHE~1.1\bin;C:\Oracle\MIDDLE~3\wlserver\server\bin;C:\PROGRA~1\Git\cmd;C:\Oracle\MIDDLE~1\USER_P~1\domains\NAVNEE~1\bin\SETDOM~1.CMD;C:\SONARC~2\SONAR-~1.0\bin;C:\PROGRA~1\Git\bin;C:\PROGRA~2\BITVIS~1;." />
    <property name="java.vendor.url" value="http://java.oracle.com/" />
    <property name="java.vm.vendor" value="Oracle Corporation" />
    <property name="java.runtime.name" value="Java(TM) SE Runtime Environment" />
    <property name="sun.java.command" value="org.apache.tools.ant.taskdefs.optional.junit.JUnitTestRunner TestMessage2 filtertrace=true haltOnError=false haltOnFailure=false formatter=org.apache.tools.ant.taskdefs.optional.junit.SummaryJUnitResultFormatter showoutput=false outputtoformatters=true logfailedtests=true logtestlistenerevents=false formatter=org.apache.tools.ant.taskdefs.optional.junit.XMLJUnitResultFormatter,C:\Users\n.saurav\repo\JunitTest\test_reports\TEST-TestMessage2.xml crashfile=C:\Users\n.saurav\repo\JunitTest\junitvmwatcher5642528547373269967.properties propsfile=C:\Users\n.saurav\repo\JunitTest\junit4257116254612009902.properties" />
    <property name="java.class.path" value="C:\Users\n.saurav\repo\JunitTest\lib_test_webservice\activation-1.1.jar;C:\Users\n.saurav\repo\JunitTest\lib_test_webservice\axis.jar;C:\Users\n.saurav\repo\JunitTest\lib_test_webservice\classes12.jar;C:\Users\n.saurav\repo\JunitTest\lib_test_webservice\commons-discovery-0.2.jar;C:\Users\n.saurav\repo\JunitTest\lib_test_webservice\commons-logging.jar;C:\Users\n.saurav\repo\JunitTest\lib_test_webservice\jaxrpc.jar;C:\Users\n.saurav\repo\JunitTest\lib_test_webservice\pcm.jar;C:\Users\n.saurav\repo\JunitTest\lib_test_webservice\pcmext.jar;C:\Users\n.saurav\repo\JunitTest\lib_test_webservice\saaj-impl.jar;C:\Users\n.saurav\repo\JunitTest\lib_test_webservice\saaj.jar;C:\Users\n.saurav\repo\JunitTest\lib_test_webservice\wsdl4j.jar;C:\Users\n.saurav\repo\JunitTest\lib\junit.jar;C:\Users\n.saurav\repo\JunitTest\lib\hamcrest-core.jar;C:\Users\n.saurav\repo\JunitTest\test\classes;C:\PROGRA~1\Java\JDK18~1.0_1\lib\tools.jar;C:\Oracle\MIDDLE~3\wlserver\server\lib\weblogic.jar;C:\Oracle\MIDDLE~3\oracle_common\modules\net.sf.antcontrib_1.1.0.0_1-0b3\lib\ant-contrib.jar;C:\Oracle\MIDDLE~3\wlserver\modules\features\oracle.wls.common.nodemanager.jar;C:\Oracle\MIDDLE~3\wlserver\common\derby\lib\derbynet.jar;C:\Oracle\MIDDLE~3\wlserver\common\derby\lib\derbyclient.jar;C:\Oracle\MIDDLE~3\wlserver\common\derby\lib\derby.jar;C:\Oracle\Middleware_new\oracle_common\modules\org.apache.ant_1.9.2\lib\ant-launcher.jar;C:\Oracle\MIDDLE~3\oracle_common\modules\org.apache.ant_1.9.2\lib\ant.jar;C:\Oracle\Middleware_new\oracle_common\modules\org.apache.ant_1.9.2\lib\ant-junit.jar;C:\Oracle\Middleware_new\oracle_common\modules\org.apache.ant_1.9.2\lib\ant-junit4.jar" />
    <property name="ant.version" value="Apache Ant(TM) version 1.9.2 compiled on July 8 2013" />
    <property name="java.vm.specification.name" value="Java Virtual Machine Specification" />
    <property name="ant.file.type" value="file" />
    <property name="java.vm.specification.version" value="1.8" />
    <property name="sun.cpu.endian" value="little" />
    <property name="sun.os.patch.level" value="Service Pack 1" />
    <property name="java.io.tmpdir" value="C:\Users\NF989~1.SAU\AppData\Local\Temp\" />
    <property name="java.vendor.url.bug" value="http://bugreport.sun.com/bugreport/" />
    <property name="os.arch" value="amd64" />
    <property name="java.awt.graphicsenv" value="sun.awt.Win32GraphicsEnvironment" />
    <property name="java.ext.dirs" value="C:\PROGRA~1\Java\JDK18~1.0_1\jre\lib\ext;C:\windows\Sun\Java\lib\ext" />
    <property name="user.dir" value="C:\Users\n.saurav\repo\JunitTest" />
    <property name="line.separator" value="&#xd;&#xa;" />
    <property name="java.vm.name" value="Java HotSpot(TM) 64-Bit Server VM" />
    <property name="basedir" value="C:\Users\n.saurav\repo\JunitTest" />
    <property name="wls.hostname" value="172.16.191.247" />
    <property name="ant.java.version" value="1.8" />
    <property name="ant.core.lib" value="C:\Oracle\MIDDLE~3\oracle_common\modules\org.apache.ant_1.9.2\lib\ant.jar" />
    <property name="wls.port" value="7001" />
    <property name="file.encoding" value="Cp1252" />
    <property name="sun.stderr.encoding" value="cp437" />
    <property name="java.specification.version" value="1.8" />
    <property name="ear-dir" value="ear" />
    <property name="ant.project.invoked-targets" value="all" />
  </properties>
  <testcase classname="TestMessage2" name="test_welcome_message_2" time="8.223" />
  <system-out><![CDATA[]]></system-out>
  <system-err><![CDATA[]]></system-err>
</testsuite>
